<?xml version="1.0" encoding="UTF-8"?>
<!-- Generated by org.testng.reporters.JUnitReportReporter -->
<testsuite skipped="0" hostname="Amar" name="webapp.POMAppium" tests="1" failures="0" timestamp="01 Jun 2021 09:45:44 GMT" time="30.110" errors="0">
  <testcase name="pomAppium" time="30.110" classname="webapp.POMAppium"/>
</testsuite> <!-- webapp.POMAppium -->
